<?xml version="1.0" encoding="UTF-8"?>
<testng-results ignored="0" total="4" passed="4" failed="0" skipped="0">
  <reporter-output>
  </reporter-output>
  <suite started-at="2025-05-24T15:58:31 IST" name="Opencart App Test Regression Suite" finished-at="2025-05-24T15:58:40 IST" duration-ms="8483">
    <groups>
    </groups>
    <test started-at="2025-05-24T15:58:31 IST" name="Login Test2" finished-at="2025-05-24T15:58:40 IST" duration-ms="8483">
      <class name="BaseClass.LoginTest">
        <test-method is-config="true" signature="suiteSetup()[pri:0, instance:BaseClass.LoginTest@5bf0fe62]" started-at="2025-05-24T15:58:31 IST" name="suiteSetup" finished-at="2025-05-24T15:58:38 IST" duration-ms="6243" status="PASS">
          <reporter-output>
          </reporter-output>
        </test-method> <!-- suiteSetup -->
        <test-method signature="validateTitle()[pri:0, instance:BaseClass.LoginTest@5bf0fe62]" started-at="2025-05-24T15:58:38 IST" name="validateTitle" finished-at="2025-05-24T15:58:39 IST" duration-ms="1464" status="PASS">
          <reporter-output>
          </reporter-output>
        </test-method> <!-- validateTitle -->
        <test-method signature="validateUrl()[pri:0, instance:BaseClass.LoginTest@5bf0fe62]" started-at="2025-05-24T15:58:40 IST" name="validateUrl" finished-at="2025-05-24T15:58:40 IST" duration-ms="184" status="PASS">
          <reporter-output>
          </reporter-output>
        </test-method> <!-- validateUrl -->
      </class> <!-- BaseClass.LoginTest -->
    </test> <!-- Login Test2 -->
    <test started-at="2025-05-24T15:58:31 IST" name="Login Test" finished-at="2025-05-24T15:58:40 IST" duration-ms="8407">
      <class name="BaseClass.LoginTest">
        <test-method is-config="true" signature="suiteSetup()[pri:0, instance:BaseClass.LoginTest@d41f816]" started-at="2025-05-24T15:58:31 IST" name="suiteSetup" finished-at="2025-05-24T15:58:39 IST" duration-ms="7612" status="PASS">
          <reporter-output>
          </reporter-output>
        </test-method> <!-- suiteSetup -->
        <test-method signature="validateTitle()[pri:0, instance:BaseClass.LoginTest@d41f816]" started-at="2025-05-24T15:58:39 IST" name="validateTitle" finished-at="2025-05-24T15:58:39 IST" duration-ms="181" status="PASS">
          <reporter-output>
          </reporter-output>
        </test-method> <!-- validateTitle -->
        <test-method signature="validateUrl()[pri:0, instance:BaseClass.LoginTest@d41f816]" started-at="2025-05-24T15:58:39 IST" name="validateUrl" finished-at="2025-05-24T15:58:40 IST" duration-ms="95" status="PASS">
          <reporter-output>
          </reporter-output>
        </test-method> <!-- validateUrl -->
      </class> <!-- BaseClass.LoginTest -->
    </test> <!-- Login Test -->
  </suite> <!-- Opencart App Test Regression Suite -->
</testng-results>
